<?xml version="1.0" encoding="UTF-8"?>
<!-- Generated by org.testng.reporters.JUnitReportReporter -->
<testsuite skipped="0" hostname="WRANGELL-QA2" name="com.practice.practice.dummy_tests.GeneralTests" tests="2" failures="0" timestamp="21 Nov 2020 09:31:48 GMT" time="0.010" errors="0">
  <testcase name="subTest" time="0.009" classname="com.practice.practice.dummy_tests.GeneralTests"/>
  <testcase name="sumTest" time="0.001" classname="com.practice.practice.dummy_tests.GeneralTests"/>
</testsuite> <!-- com.practice.practice.dummy_tests.GeneralTests -->
