<?xml version="1.0" encoding="UTF-8"?>
<!-- Generated by org.testng.reporters.JUnitReportReporter -->
<testsuite skipped="0" hostname="WRANGELL-QA2" name="com.practice.tests.DemoTest" tests="2" failures="0" timestamp="22 Nov 2020 14:00:55 GMT" time="0.010" errors="0">
  <testcase name="subTest" time="0.005" classname="com.practice.tests.DemoTest"/>
  <testcase name="sumTest" time="0.005" classname="com.practice.tests.DemoTest"/>
</testsuite> <!-- com.practice.tests.DemoTest -->
