<?xml version="1.0" encoding="UTF-8"?>
<!-- Generated by org.testng.reporters.JUnitReportReporter -->
<testsuite skipped="0" hostname="WRANGELL-QA2" name="com.practice.tests.DemoTest" tests="2" failures="0" timestamp="23 Nov 2020 08:44:42 GMT" time="22.645" errors="0">
  <testcase name="sumTest" time="12.426" classname="com.practice.tests.DemoTest"/>
  <testcase name="subTest" time="10.219" classname="com.practice.tests.DemoTest"/>
</testsuite> <!-- com.practice.tests.DemoTest -->
